<?xml version="1.0" encoding="UTF-8"?><testsuite failures="2" name="cucumber.runtime.formatter.JUnitFormatter" skipped="0" tests="10" time="72.802142">
<testcase classname="Authorisation and Access Control" name="Users can view restricted resources for which they are authorised" time="21.605054">
<system-out><![CDATA[Given a new browser or client instance......................................passed
And the client/browser is configured to use an intercepting proxy...........passed
And the proxy logs are cleared..............................................passed
And the login page..........................................................passed
And the username bob is used................................................passed
And the password password is used...........................................passed
When the user logs in.......................................................passed
And the proxy logs are cleared..............................................passed
And the HTTP requests and responses are recorded............................passed
And they access the restricted resource: viewBobsProfile....................passed
Then the string: Robert should be present in one of the HTTP responses......passed
]]></system-out>
</testcase>
<testcase classname="Authorisation and Access Control" name="Users can view restricted resources for which they are authorised 2" time="7.544514">
<system-out><![CDATA[Given a new browser or client instance......................................passed
And the client/browser is configured to use an intercepting proxy...........passed
And the proxy logs are cleared..............................................passed
And the login page..........................................................passed
And the username alice is used..............................................passed
And the password password is used...........................................passed
When the user logs in.......................................................passed
And the proxy logs are cleared..............................................passed
And the HTTP requests and responses are recorded............................passed
And they access the restricted resource: viewAlicesProfile..................passed
Then the string: alice@continuumsecurity.net should be present in one of the HTTP responses.passed
]]></system-out>
</testcase>
<testcase classname="Authorisation and Access Control" name="Users can view restricted resources for which they are authorised 3" time="6.145145">
<system-out><![CDATA[Given a new browser or client instance......................................passed
And the client/browser is configured to use an intercepting proxy...........passed
And the proxy logs are cleared..............................................passed
And the login page..........................................................passed
And the username admin is used..............................................passed
And the password password is used...........................................passed
When the user logs in.......................................................passed
And the proxy logs are cleared..............................................passed
And the HTTP requests and responses are recorded............................passed
And they access the restricted resource: viewAllUsers.......................passed
Then the string: User List should be present in one of the HTTP responses...passed
]]></system-out>
</testcase>
<testcase classname="Authorisation and Access Control" name="Users must not be able to view resources for which they are not authorised" time="7.658515">
<failure message="java.lang.AssertionError: &#10;Expected: &lt;false&gt;&#10;     but: was &lt;true&gt;&#13;&#10;&#9;at org.hamcrest.MatcherAssert.assertThat(MatcherAssert.java:20)&#13;&#10;&#9;at org.hamcrest.MatcherAssert.assertThat(MatcherAssert.java:8)&#13;&#10;&#9;at net.continuumsecurity.steps.WebApplicationSteps.checkAccessUsingCookieMethod(WebApplicationSteps.java:491)&#13;&#10;&#9;at net.continuumsecurity.steps.WebApplicationSteps.checkNoAccessToResource(WebApplicationSteps.java:446)&#13;&#10;&#9;at ✽.Then the string: Robert should not be present in any of the HTTP responses(authorisation.feature:34)&#13;&#10;"><![CDATA[Given the access control map for authorised users has been populated........passed
And a new browser or client instance........................................passed
And the username alice is used..............................................passed
And the password password is used...........................................passed
And the login page..........................................................passed
When the user logs in.......................................................passed
And the previously recorded HTTP Requests for viewBobsProfile are replayed using the current session ID.passed
Then the string: Robert should not be present in any of the HTTP responses..failed

StackTrace:
java.lang.AssertionError: 
Expected: <false>
     but: was <true>
	at org.hamcrest.MatcherAssert.assertThat(MatcherAssert.java:20)
	at org.hamcrest.MatcherAssert.assertThat(MatcherAssert.java:8)
	at net.continuumsecurity.steps.WebApplicationSteps.checkAccessUsingCookieMethod(WebApplicationSteps.java:491)
	at net.continuumsecurity.steps.WebApplicationSteps.checkNoAccessToResource(WebApplicationSteps.java:446)
	at ✽.Then the string: Robert should not be present in any of the HTTP responses(authorisation.feature:34)
]]></failure>
</testcase>
<testcase classname="Authorisation and Access Control" name="Users must not be able to view resources for which they are not authorised 2" time="6.363075">
<failure message="java.lang.AssertionError: &#10;Expected: &lt;false&gt;&#10;     but: was &lt;true&gt;&#13;&#10;&#9;at org.hamcrest.MatcherAssert.assertThat(MatcherAssert.java:20)&#13;&#10;&#9;at org.hamcrest.MatcherAssert.assertThat(MatcherAssert.java:8)&#13;&#10;&#9;at net.continuumsecurity.steps.WebApplicationSteps.checkAccessUsingCookieMethod(WebApplicationSteps.java:491)&#13;&#10;&#9;at net.continuumsecurity.steps.WebApplicationSteps.checkNoAccessToResource(WebApplicationSteps.java:446)&#13;&#10;&#9;at ✽.Then the string: alice@continuumsecurity.net should not be present in any of the HTTP responses(authorisation.feature:34)&#13;&#10;"><![CDATA[Given the access control map for authorised users has been populated........passed
And a new browser or client instance........................................passed
And the username bob is used................................................passed
And the password password is used...........................................passed
And the login page..........................................................passed
When the user logs in.......................................................passed
And the previously recorded HTTP Requests for viewAlicesProfile are replayed using the current session ID.passed
Then the string: alice@continuumsecurity.net should not be present in any of the HTTP responses.failed

StackTrace:
java.lang.AssertionError: 
Expected: <false>
     but: was <true>
	at org.hamcrest.MatcherAssert.assertThat(MatcherAssert.java:20)
	at org.hamcrest.MatcherAssert.assertThat(MatcherAssert.java:8)
	at net.continuumsecurity.steps.WebApplicationSteps.checkAccessUsingCookieMethod(WebApplicationSteps.java:491)
	at net.continuumsecurity.steps.WebApplicationSteps.checkNoAccessToResource(WebApplicationSteps.java:446)
	at ✽.Then the string: alice@continuumsecurity.net should not be present in any of the HTTP responses(authorisation.feature:34)
]]></failure>
</testcase>
<testcase classname="Authorisation and Access Control" name="Users must not be able to view resources for which they are not authorised 3" time="3.967309">
<system-out><![CDATA[Given the access control map for authorised users has been populated........passed
And a new browser or client instance........................................passed
And the username alice is used..............................................passed
And the password password is used...........................................passed
And the login page..........................................................passed
When the user logs in.......................................................passed
And the previously recorded HTTP Requests for viewAllUsers are replayed using the current session ID.passed
Then the string: User List should not be present in any of the HTTP responses.passed
]]></system-out>
</testcase>
<testcase classname="Authorisation and Access Control" name="Users must not be able to view resources for which they are not authorised 4" time="3.76393">
<system-out><![CDATA[Given the access control map for authorised users has been populated........passed
And a new browser or client instance........................................passed
And the username bob is used................................................passed
And the password password is used...........................................passed
And the login page..........................................................passed
When the user logs in.......................................................passed
And the previously recorded HTTP Requests for viewAllUsers are replayed using the current session ID.passed
Then the string: User List should not be present in any of the HTTP responses.passed
]]></system-out>
</testcase>
<testcase classname="Authorisation and Access Control" name="Un-authenticated users should not be able to view restricted resources" time="6.340791">
<system-out><![CDATA[Given the access control map for authorised users has been populated........passed
And a new browser or client instance........................................passed
And the login page..........................................................passed
When the previously recorded HTTP Requests for viewBobsProfile are replayed using the current session ID.passed
Then the string: Robert should not be present in any of the HTTP responses..passed
]]></system-out>
</testcase>
<testcase classname="Authorisation and Access Control" name="Un-authenticated users should not be able to view restricted resources 2" time="6.312963">
<system-out><![CDATA[Given the access control map for authorised users has been populated........passed
And a new browser or client instance........................................passed
And the login page..........................................................passed
When the previously recorded HTTP Requests for viewAlicesProfile are replayed using the current session ID.passed
Then the string: alice@continuumsecurity.net should not be present in any of the HTTP responses.passed
]]></system-out>
</testcase>
<testcase classname="Authorisation and Access Control" name="Un-authenticated users should not be able to view restricted resources 3" time="3.100846">
<system-out><![CDATA[Given the access control map for authorised users has been populated........passed
And a new browser or client instance........................................passed
And the login page..........................................................passed
When the previously recorded HTTP Requests for viewAllUsers are replayed using the current session ID.passed
Then the string: User List should not be present in any of the HTTP responses.passed
]]></system-out>
</testcase>
</testsuite>
